<?xml version="1.0" encoding="UTF-8"?>
<testng-results skipped="0" failed="0" ignored="0" total="1" passed="1">
  <reporter-output>
    <line>
      <![CDATA[-open browser-]]>
    </line>
    <line>
      <![CDATA[-login to app-]]>
    </line>
    <line>
      <![CDATA[-running verifyUserID TC-]]>
    </line>
    <line>
      <![CDATA[-logout from app-]]>
    </line>
    <line>
      <![CDATA[-close browser-]]>
    </line>
  </reporter-output>
  <suite name="Default suite" duration-ms="11504" started-at="2022-09-10T16:20:33 IST" finished-at="2022-09-10T16:20:45 IST">
    <groups>
    </groups>
    <test name="Default test" duration-ms="11504" started-at="2022-09-10T16:20:33 IST" finished-at="2022-09-10T16:20:45 IST">
      <class name="module1_Login_Test.KiteLoginTest">
        <test-method status="PASS" signature="openBrowser()[pri:0, instance:module1_Login_Test.KiteLoginTest@1fc2b765]" name="openBrowser" is-config="true" duration-ms="8080" started-at="2022-09-10T16:20:33 IST" finished-at="2022-09-10T16:20:41 IST">
          <reporter-output>
            <line>
              <![CDATA[-open browser-]]>
            </line>
          </reporter-output>
        </test-method> <!-- openBrowser -->
        <test-method status="PASS" signature="loginToApp()[pri:0, instance:module1_Login_Test.KiteLoginTest@1fc2b765]" name="loginToApp" is-config="true" duration-ms="751" started-at="2022-09-10T16:20:41 IST" finished-at="2022-09-10T16:20:42 IST">
          <reporter-output>
            <line>
              <![CDATA[-login to app-]]>
            </line>
          </reporter-output>
        </test-method> <!-- loginToApp -->
        <test-method status="PASS" signature="verifyUserID()[pri:0, instance:module1_Login_Test.KiteLoginTest@1fc2b765]" name="verifyUserID" duration-ms="2443" started-at="2022-09-10T16:20:42 IST" finished-at="2022-09-10T16:20:44 IST">
          <reporter-output>
            <line>
              <![CDATA[-running verifyUserID TC-]]>
            </line>
          </reporter-output>
        </test-method> <!-- verifyUserID -->
        <test-method status="PASS" signature="logoutFromApp(org.testng.ITestResult)[pri:0, instance:module1_Login_Test.KiteLoginTest@1fc2b765]" name="logoutFromApp" is-config="true" duration-ms="1" started-at="2022-09-10T16:20:44 IST" finished-at="2022-09-10T16:20:44 IST">
          <params>
            <param index="0">
              <value>
                <![CDATA[[TestResult name=verifyUserID status=SUCCESS method=KiteLoginTest.verifyUserID()[pri:0, instance:module1_Login_Test.KiteLoginTest@1fc2b765] output=-running verifyUserID TC-]]]>
              </value>
            </param>
          </params>
          <reporter-output>
            <line>
              <![CDATA[-logout from app-]]>
            </line>
          </reporter-output>
        </test-method> <!-- logoutFromApp -->
        <test-method status="PASS" signature="closeBrowser()[pri:0, instance:module1_Login_Test.KiteLoginTest@1fc2b765]" name="closeBrowser" is-config="true" duration-ms="204" started-at="2022-09-10T16:20:44 IST" finished-at="2022-09-10T16:20:45 IST">
          <reporter-output>
            <line>
              <![CDATA[-close browser-]]>
            </line>
          </reporter-output>
        </test-method> <!-- closeBrowser -->
      </class> <!-- module1_Login_Test.KiteLoginTest -->
    </test> <!-- Default test -->
  </suite> <!-- Default suite -->
</testng-results>
